============================================================
  Generated by:           Genus(TM) Synthesis Solution 19.11-s087_1
  Generated on:           Dec 14 2020  09:46:25 pm
  Module:                 riscv_top
  Library domain:         PVT_0P63V_100C.setup_cond
    Domain index:         0
    Technology libraries: asap7sc7p5t_22b_SIMPLE_RVT_SS_170906 1.0
                          asap7sc7p5t_22b_SIMPLE_LVT_SS_170906 1.0
                          asap7sc7p5t_22b_SIMPLE_SLVT_SS_170906 1.0
                          asap7sc7p5t_22b_SIMPLE_SRAM_SS_170906 1.0
                          asap7sc7p5t_22b_AO_RVT_SS_170906 1.0
                          asap7sc7p5t_22b_AO_LVT_SS_170906 1.0
                          asap7sc7p5t_22b_AO_SLVT_SS_170906 1.0
                          asap7sc7p5t_22b_AO_SRAM_SS_170906 1.0
                          asap7sc7p5t_22b_OA_RVT_SS_170906 1.0
                          asap7sc7p5t_22b_OA_LVT_SS_170906 1.0
                          asap7sc7p5t_22b_OA_SLVT_SS_170906 1.0
                          asap7sc7p5t_22b_OA_SRAM_SS_170906 1.0
                          asap7sc7p5t_22b_SEQ_RVT_SS_170906 1.0
                          asap7sc7p5t_22b_SEQ_LVT_SS_170906 1.0
                          asap7sc7p5t_22b_SEQ_SLVT_SS_170906 1.0
                          asap7sc7p5t_22b_SEQ_SRAM_SS_170906 1.0
                          asap7sc7p5t_22b_INVBUF_RVT_SS_170906 1.0
                          asap7sc7p5t_22b_INVBUF_LVT_SS_170906 1.0
                          asap7sc7p5t_22b_INVBUF_SLVT_SS_170906 1.0
                          asap7sc7p5t_22b_INVBUF_SRAM_SS_170906 1.0
                          SRAM1RW1024x8_PVT_0P63V_100C 0
                          SRAM1RW128x46_PVT_0P63V_100C 0
                          SRAM1RW128x48_PVT_0P63V_100C 0
                          SRAM1RW128x8_PVT_0P63V_100C 0
                          SRAM1RW256x128_PVT_0P63V_100C 0
                          SRAM1RW256x32_PVT_0P63V_100C 0
                          SRAM1RW256x46_PVT_0P63V_100C 0
                          SRAM1RW256x48_PVT_0P63V_100C 0
                          SRAM1RW256x8_PVT_0P63V_100C 0
                          SRAM1RW32x50_PVT_0P63V_100C 0
                          SRAM1RW512x128_PVT_0P63V_100C 0
                          SRAM1RW512x32_PVT_0P63V_100C 0
                          SRAM1RW512x8_PVT_0P63V_100C 0
                          SRAM1RW64x128_PVT_0P63V_100C 0
                          SRAM1RW64x32_PVT_0P63V_100C 0
                          SRAM1RW64x34_PVT_0P63V_100C 0
                          SRAM1RW64x8_PVT_0P63V_100C 0
                          SRAM2RW128x16_PVT_0P63V_100C 0
                          SRAM2RW128x32_PVT_0P63V_100C 0
                          SRAM2RW128x4_PVT_0P63V_100C 0
                          SRAM2RW128x8_PVT_0P63V_100C 0
                          SRAM2RW16x16_PVT_0P63V_100C 0
                          SRAM2RW16x32_PVT_0P63V_100C 0
                          SRAM2RW16x4_PVT_0P63V_100C 0
                          SRAM2RW16x8_PVT_0P63V_100C 0
                          SRAM2RW32x16_PVT_0P63V_100C 0
                          SRAM2RW32x22_PVT_0P63V_100C 0
                          SRAM2RW32x32_PVT_0P63V_100C 0
                          SRAM2RW32x39_PVT_0P63V_100C 0
                          SRAM2RW32x4_PVT_0P63V_100C 0
                          SRAM2RW32x8_PVT_0P63V_100C 0
                          SRAM2RW64x16_PVT_0P63V_100C 0
                          SRAM2RW64x32_PVT_0P63V_100C 0
                          SRAM2RW64x4_PVT_0P63V_100C 0
                          SRAM2RW64x8_PVT_0P63V_100C 0
  Operating conditions:   PVT_0P63V_100C 
  Interconnect mode:      global
  Area mode:              physical library
============================================================

                                                   Leakage                                            Library 
           Gate             Instances    Area     Power (nW)                  Library                  Domain 
--------------------------------------------------------------------------------------------------------------
A2O1A1Ixp33_ASAP7_75t_SL           19     26.594     755.125    asap7sc7p5t_22b_AO_SLVT_SS_170906           0 
A2O1A1O1Ixp25_ASAP7_75t_SL          4      8.398     206.304    asap7sc7p5t_22b_AO_SLVT_SS_170906           0 
AND2x2_ASAP7_75t_L                 17     23.795     253.405    asap7sc7p5t_22b_SIMPLE_LVT_SS_170906        0 
AND2x2_ASAP7_75t_R                 63     88.180     136.194    asap7sc7p5t_22b_SIMPLE_RVT_SS_170906        0 
AND2x2_ASAP7_75t_SL               299    418.504   28469.363    asap7sc7p5t_22b_SIMPLE_SLVT_SS_170906       0 
AND2x4_ASAP7_75t_SL                41     95.645    7694.049    asap7sc7p5t_22b_SIMPLE_SLVT_SS_170906       0 
AND2x6_ASAP7_75t_SL                 7     19.596    1821.078    asap7sc7p5t_22b_SIMPLE_SLVT_SS_170906       0 
AND3x1_ASAP7_75t_L                  3      4.199      24.343    asap7sc7p5t_22b_SIMPLE_LVT_SS_170906        0 
AND3x1_ASAP7_75t_SL                19     26.594    1327.498    asap7sc7p5t_22b_SIMPLE_SLVT_SS_170906       0 
AND3x2_ASAP7_75t_SL                 3      4.899     329.181    asap7sc7p5t_22b_SIMPLE_SLVT_SS_170906       0 
AND3x4_ASAP7_75t_SL                 3      9.798     578.741    asap7sc7p5t_22b_SIMPLE_SLVT_SS_170906       0 
AND4x1_ASAP7_75t_L                  5      8.165     121.032    asap7sc7p5t_22b_SIMPLE_LVT_SS_170906        0 
AND4x1_ASAP7_75t_SL                31     50.622    4994.644    asap7sc7p5t_22b_SIMPLE_SLVT_SS_170906       0 
AND4x2_ASAP7_75t_SL                 5      9.331     706.870    asap7sc7p5t_22b_SIMPLE_SLVT_SS_170906       0 
AND5x1_ASAP7_75t_SL                17     31.726    2251.841    asap7sc7p5t_22b_SIMPLE_SLVT_SS_170906       0 
AO21x1_ASAP7_75t_L                 30     41.990     380.590    asap7sc7p5t_22b_AO_LVT_SS_170906            0 
AO21x1_ASAP7_75t_SL               154    215.551   11385.089    asap7sc7p5t_22b_AO_SLVT_SS_170906           0 
AO21x1_ASAP7_75t_SRAM              22     30.793       7.407    asap7sc7p5t_22b_AO_SRAM_SS_170906           0 
AO21x2_ASAP7_75t_SL                79    129.004    8527.452    asap7sc7p5t_22b_AO_SLVT_SS_170906           0 
AO221x1_ASAP7_75t_SL               23     53.654    1581.332    asap7sc7p5t_22b_AO_SLVT_SS_170906           0 
AO222x2_ASAP7_75t_L               141    394.710    3457.885    asap7sc7p5t_22b_AO_LVT_SS_170906            0 
AO222x2_ASAP7_75t_SL               33     92.379    3904.835    asap7sc7p5t_22b_AO_SLVT_SS_170906           0 
AO22x1_ASAP7_75t_L                 23     48.289     199.922    asap7sc7p5t_22b_AO_LVT_SS_170906            0 
AO22x1_ASAP7_75t_SL               430    902.794   26966.389    asap7sc7p5t_22b_AO_SLVT_SS_170906           0 
AO22x2_ASAP7_75t_SL                 7     16.330     774.276    asap7sc7p5t_22b_AO_SLVT_SS_170906           0 
AO31x2_ASAP7_75t_SL                 6     22.395    1028.976    asap7sc7p5t_22b_AO_SLVT_SS_170906           0 
AO32x1_ASAP7_75t_SL                 9     16.796     665.351    asap7sc7p5t_22b_AO_SLVT_SS_170906           0 
AO332x1_ASAP7_75t_SRAM              1      2.566       0.335    asap7sc7p5t_22b_AO_SRAM_SS_170906           0 
AOI211x1_ASAP7_75t_SL               2      5.599     112.271    asap7sc7p5t_22b_AO_SLVT_SS_170906           0 
AOI211xp5_ASAP7_75t_L               2      2.799       7.606    asap7sc7p5t_22b_AO_LVT_SS_170906            0 
AOI211xp5_ASAP7_75t_SL             15     20.995     562.343    asap7sc7p5t_22b_AO_SLVT_SS_170906           0 
AOI21x1_ASAP7_75t_SL               35     65.318    2368.667    asap7sc7p5t_22b_AO_SLVT_SS_170906           0 
AOI21xp33_ASAP7_75t_SL             29     33.826    1154.101    asap7sc7p5t_22b_AO_SLVT_SS_170906           0 
AOI21xp5_ASAP7_75t_L               11     12.830      47.398    asap7sc7p5t_22b_AO_LVT_SS_170906            0 
AOI21xp5_ASAP7_75t_SL              72     83.981    2379.110    asap7sc7p5t_22b_AO_SLVT_SS_170906           0 
AOI221x1_ASAP7_75t_SL               1      3.266      36.992    asap7sc7p5t_22b_AO_SLVT_SS_170906           0 
AOI221xp5_ASAP7_75t_SL             73    119.206    2223.196    asap7sc7p5t_22b_AO_SLVT_SS_170906           0 
AOI222xp33_ASAP7_75t_SL            59    137.635    1311.997    asap7sc7p5t_22b_AO_SLVT_SS_170906           0 
AOI22x1_ASAP7_75t_L                 1      2.333       7.712    asap7sc7p5t_22b_AO_LVT_SS_170906            0 
AOI22x1_ASAP7_75t_SL                2      4.666      82.217    asap7sc7p5t_22b_AO_SLVT_SS_170906           0 
AOI22xp33_ASAP7_75t_SL            145    202.954    3884.672    asap7sc7p5t_22b_AO_SLVT_SS_170906           0 
AOI22xp5_ASAP7_75t_L               41     57.387     141.927    asap7sc7p5t_22b_AO_LVT_SS_170906            0 
AOI22xp5_ASAP7_75t_SL             714    999.372   17619.219    asap7sc7p5t_22b_AO_SLVT_SS_170906           0 
AOI311xp33_ASAP7_75t_SL             1      1.633      34.110    asap7sc7p5t_22b_AO_SLVT_SS_170906           0 
AOI31xp33_ASAP7_75t_SL              9     12.597     369.182    asap7sc7p5t_22b_AO_SLVT_SS_170906           0 
AOI31xp67_ASAP7_75t_SL             11     33.359     904.513    asap7sc7p5t_22b_AO_SLVT_SS_170906           0 
AOI321xp33_ASAP7_75t_SL             2      3.732     140.922    asap7sc7p5t_22b_AO_SLVT_SS_170906           0 
AOI322xp5_ASAP7_75t_SL             10     20.995     473.486    asap7sc7p5t_22b_AO_SLVT_SS_170906           0 
AOI32xp33_ASAP7_75t_SL             11     17.963     373.158    asap7sc7p5t_22b_AO_SLVT_SS_170906           0 
AOI33xp33_ASAP7_75t_SL              2      3.732      54.629    asap7sc7p5t_22b_AO_SLVT_SS_170906           0 
ASYNC_DFFHx1_ASAP7_75t_L            2     12.131      52.570    asap7sc7p5t_22b_SEQ_LVT_SS_170906           0 
BUFx10_ASAP7_75t_SL                 1      3.266     380.774    asap7sc7p5t_22b_INVBUF_SLVT_SS_170906       0 
BUFx12f_ASAP7_75t_SL                8     33.592    4155.484    asap7sc7p5t_22b_INVBUF_SLVT_SS_170906       0 
BUFx2_ASAP7_75t_SL                 39     45.490    3421.642    asap7sc7p5t_22b_INVBUF_SLVT_SS_170906       0 
BUFx3_ASAP7_75t_L                   1      1.400      16.689    asap7sc7p5t_22b_INVBUF_LVT_SS_170906        0 
BUFx3_ASAP7_75t_SL                  2      2.799     248.669    asap7sc7p5t_22b_INVBUF_SLVT_SS_170906       0 
BUFx4f_ASAP7_75t_L                  1      1.866      28.906    asap7sc7p5t_22b_INVBUF_LVT_SS_170906        0 
BUFx4f_ASAP7_75t_SL                 2      3.732     310.468    asap7sc7p5t_22b_INVBUF_SLVT_SS_170906       0 
BUFx6f_ASAP7_75t_SL                 7     16.330    1782.060    asap7sc7p5t_22b_INVBUF_SLVT_SS_170906       0 
BUFx8_ASAP7_75t_SL                  1      2.799     251.831    asap7sc7p5t_22b_INVBUF_SLVT_SS_170906       0 
DFFHQNx1_ASAP7_75t_L               35    163.296     776.021    asap7sc7p5t_22b_SEQ_LVT_SS_170906           0 
DFFHQNx1_ASAP7_75t_R                2      9.331       5.671    asap7sc7p5t_22b_SEQ_RVT_SS_170906           0 
DFFHQNx1_ASAP7_75t_SL            1239   5780.678  180284.025    asap7sc7p5t_22b_SEQ_SLVT_SS_170906          0 
DFFHQx4_ASAP7_75t_SL               23    134.136    6721.009    asap7sc7p5t_22b_SEQ_SLVT_SS_170906          0 
DHLx1_ASAP7_75t_SL                 72    251.942    8116.891    asap7sc7p5t_22b_SEQ_SLVT_SS_170906          0 
DLLx1_ASAP7_75t_SL                 88    307.930   10088.788    asap7sc7p5t_22b_SEQ_SLVT_SS_170906          0 
HB1xp67_ASAP7_75t_L                23     21.462     117.457    asap7sc7p5t_22b_INVBUF_LVT_SS_170906        0 
HB1xp67_ASAP7_75t_SL              120    111.974    3891.633    asap7sc7p5t_22b_INVBUF_SLVT_SS_170906       0 
ICGx1_ASAP7_75t_R                  43    180.559     188.157    asap7sc7p5t_22b_SEQ_RVT_SS_170906           0 
INVx11_ASAP7_75t_SL                 6     18.196    1856.399    asap7sc7p5t_22b_INVBUF_SLVT_SS_170906       0 
INVx13_ASAP7_75t_SL                 3     10.498    1165.380    asap7sc7p5t_22b_INVBUF_SLVT_SS_170906       0 
INVx1_ASAP7_75t_L                 119     83.281     500.271    asap7sc7p5t_22b_INVBUF_LVT_SS_170906        0 
INVx1_ASAP7_75t_SL                671    469.593   17564.236    asap7sc7p5t_22b_INVBUF_SLVT_SS_170906       0 
INVx2_ASAP7_75t_L                  13     12.131     122.343    asap7sc7p5t_22b_INVBUF_LVT_SS_170906        0 
INVx2_ASAP7_75t_SL                 50     46.656    2595.013    asap7sc7p5t_22b_INVBUF_SLVT_SS_170906       0 
INVx3_ASAP7_75t_L                   4      4.666      43.266    asap7sc7p5t_22b_INVBUF_LVT_SS_170906        0 
INVx3_ASAP7_75t_SL                 13     15.163    1288.286    asap7sc7p5t_22b_INVBUF_SLVT_SS_170906       0 
INVx4_ASAP7_75t_L                   2      2.799      48.456    asap7sc7p5t_22b_INVBUF_LVT_SS_170906        0 
INVx4_ASAP7_75t_SL                  6      8.398     789.085    asap7sc7p5t_22b_INVBUF_SLVT_SS_170906       0 
INVx5_ASAP7_75t_SL                  7     11.431    1029.218    asap7sc7p5t_22b_INVBUF_SLVT_SS_170906       0 
INVx6_ASAP7_75t_SL                  2      3.732     334.975    asap7sc7p5t_22b_INVBUF_SLVT_SS_170906       0 
INVxp33_ASAP7_75t_SL                3      2.100      28.784    asap7sc7p5t_22b_INVBUF_SLVT_SS_170906       0 
INVxp67_ASAP7_75t_SL              102     71.384    2063.777    asap7sc7p5t_22b_INVBUF_SLVT_SS_170906       0 
MAJIxp5_ASAP7_75t_SL                7     11.431     400.557    asap7sc7p5t_22b_SIMPLE_SLVT_SS_170906       0 
NAND2x1_ASAP7_75t_SL               45     62.986    2031.368    asap7sc7p5t_22b_SIMPLE_SLVT_SS_170906       0 
NAND2x1p5_ASAP7_75t_L               4      7.465      37.621    asap7sc7p5t_22b_SIMPLE_LVT_SS_170906        0 
NAND2x1p5_ASAP7_75t_SL             20     37.325    1410.591    asap7sc7p5t_22b_SIMPLE_SLVT_SS_170906       0 
NAND2x2_ASAP7_75t_SL                2      4.666     234.013    asap7sc7p5t_22b_SIMPLE_SLVT_SS_170906       0 
NAND2xp33_ASAP7_75t_L               1      0.933       2.415    asap7sc7p5t_22b_SIMPLE_LVT_SS_170906        0 
NAND2xp33_ASAP7_75t_SL              3      2.799      38.745    asap7sc7p5t_22b_SIMPLE_SLVT_SS_170906       0 
NAND2xp5_ASAP7_75t_L               70     65.318     299.831    asap7sc7p5t_22b_SIMPLE_LVT_SS_170906        0 
NAND2xp5_ASAP7_75t_R              159    148.366     102.061    asap7sc7p5t_22b_SIMPLE_RVT_SS_170906        0 
NAND2xp5_ASAP7_75t_SL             747    697.041   15333.184    asap7sc7p5t_22b_SIMPLE_SLVT_SS_170906       0 
NAND2xp67_ASAP7_75t_SL              8     11.197     375.915    asap7sc7p5t_22b_SIMPLE_SLVT_SS_170906       0 
NAND3x1_ASAP7_75t_SL                5     12.830     554.240    asap7sc7p5t_22b_SIMPLE_SLVT_SS_170906       0 
NAND3x2_ASAP7_75t_SL                1      4.666     123.565    asap7sc7p5t_22b_SIMPLE_SLVT_SS_170906       0 
NAND3xp33_ASAP7_75t_R               7      8.165       3.143    asap7sc7p5t_22b_SIMPLE_RVT_SS_170906        0 
NAND3xp33_ASAP7_75t_SL             64     74.650    3129.618    asap7sc7p5t_22b_SIMPLE_SLVT_SS_170906       0 
NAND4xp25_ASAP7_75t_SL             36     50.388    2914.913    asap7sc7p5t_22b_SIMPLE_SLVT_SS_170906       0 
NAND4xp75_ASAP7_75t_SL             12     39.191    3077.461    asap7sc7p5t_22b_SIMPLE_SLVT_SS_170906       0 
NAND5xp2_ASAP7_75t_L                4      6.532       3.522    asap7sc7p5t_22b_SIMPLE_LVT_SS_170906        0 
NAND5xp2_ASAP7_75t_SL              51     83.281    6262.325    asap7sc7p5t_22b_SIMPLE_SLVT_SS_170906       0 
NOR2x1_ASAP7_75t_L                 54     75.583     483.382    asap7sc7p5t_22b_SIMPLE_LVT_SS_170906        0 
NOR2x1_ASAP7_75t_SL                54     75.583    3072.705    asap7sc7p5t_22b_SIMPLE_SLVT_SS_170906       0 
NOR2x1p5_ASAP7_75t_L                3      5.599      36.326    asap7sc7p5t_22b_SIMPLE_LVT_SS_170906        0 
NOR2x1p5_ASAP7_75t_SL              10     18.662     775.759    asap7sc7p5t_22b_SIMPLE_SLVT_SS_170906       0 
NOR2x2_ASAP7_75t_SL                 1      2.333     107.040    asap7sc7p5t_22b_SIMPLE_SLVT_SS_170906       0 
NOR2xp33_ASAP7_75t_L               94     87.713     228.645    asap7sc7p5t_22b_SIMPLE_LVT_SS_170906        0 
NOR2xp33_ASAP7_75t_R              210    195.955      74.189    asap7sc7p5t_22b_SIMPLE_RVT_SS_170906        0 
NOR2xp33_ASAP7_75t_SL             157    146.500    2807.288    asap7sc7p5t_22b_SIMPLE_SLVT_SS_170906       0 
NOR2xp67_ASAP7_75t_SL               2      2.799      69.134    asap7sc7p5t_22b_SIMPLE_SLVT_SS_170906       0 
NOR3x1_ASAP7_75t_SL                10     25.661     714.106    asap7sc7p5t_22b_SIMPLE_SLVT_SS_170906       0 
NOR3xp33_ASAP7_75t_L                2      2.333      14.011    asap7sc7p5t_22b_SIMPLE_LVT_SS_170906        0 
NOR3xp33_ASAP7_75t_R                4      4.666       2.711    asap7sc7p5t_22b_SIMPLE_RVT_SS_170906        0 
NOR3xp33_ASAP7_75t_SL              19     22.162     599.358    asap7sc7p5t_22b_SIMPLE_SLVT_SS_170906       0 
NOR4xp25_ASAP7_75t_R                5      6.998       2.469    asap7sc7p5t_22b_SIMPLE_RVT_SS_170906        0 
NOR4xp25_ASAP7_75t_SL              12     16.796     445.079    asap7sc7p5t_22b_SIMPLE_SLVT_SS_170906       0 
NOR4xp75_ASAP7_75t_SL               3      9.798     301.836    asap7sc7p5t_22b_SIMPLE_SLVT_SS_170906       0 
NOR5xp2_ASAP7_75t_L                 5      8.165      11.096    asap7sc7p5t_22b_SIMPLE_LVT_SS_170906        0 
NOR5xp2_ASAP7_75t_SL                5      8.165     105.785    asap7sc7p5t_22b_SIMPLE_SLVT_SS_170906       0 
O2A1O1Ixp33_ASAP7_75t_L             3      4.199      17.642    asap7sc7p5t_22b_OA_LVT_SS_170906            0 
O2A1O1Ixp33_ASAP7_75t_SL            7      9.798     236.360    asap7sc7p5t_22b_OA_SLVT_SS_170906           0 
O2A1O1Ixp5_ASAP7_75t_SL             1      1.866      26.833    asap7sc7p5t_22b_OA_SLVT_SS_170906           0 
OA211x2_ASAP7_75t_SL                7     13.064     636.047    asap7sc7p5t_22b_OA_SLVT_SS_170906           0 
OA211x2_ASAP7_75t_SRAM              1      1.866       0.484    asap7sc7p5t_22b_OA_SRAM_SS_170906           0 
OA21x2_ASAP7_75t_SL                41     66.951    4495.519    asap7sc7p5t_22b_OA_SLVT_SS_170906           0 
OA21x2_ASAP7_75t_SRAM              27     44.090      16.019    asap7sc7p5t_22b_OA_SRAM_SS_170906           0 
OA222x2_ASAP7_75t_SL                3      8.398     317.360    asap7sc7p5t_22b_OA_SLVT_SS_170906           0 
OAI211xp5_ASAP7_75t_SL             28     39.191    1773.097    asap7sc7p5t_22b_OA_SLVT_SS_170906           0 
OAI21x1_ASAP7_75t_SL               23     42.924    2605.976    asap7sc7p5t_22b_OA_SLVT_SS_170906           0 
OAI21xp33_ASAP7_75t_SL              5      5.832     159.526    asap7sc7p5t_22b_OA_SLVT_SS_170906           0 
OAI21xp5_ASAP7_75t_L               27     31.493     175.205    asap7sc7p5t_22b_OA_LVT_SS_170906            0 
OAI21xp5_ASAP7_75t_SL             171    199.454    8952.919    asap7sc7p5t_22b_OA_SLVT_SS_170906           0 
OAI221xp5_ASAP7_75t_L               3      4.899      10.301    asap7sc7p5t_22b_OA_LVT_SS_170906            0 
OAI221xp5_ASAP7_75t_SL             71    115.940    4014.241    asap7sc7p5t_22b_OA_SLVT_SS_170906           0 
OAI222xp33_ASAP7_75t_SL             8     18.662     521.785    asap7sc7p5t_22b_OA_SLVT_SS_170906           0 
OAI22x1_ASAP7_75t_SL                6     13.997     649.223    asap7sc7p5t_22b_OA_SLVT_SS_170906           0 
OAI22xp5_ASAP7_75t_L               10     13.997      69.855    asap7sc7p5t_22b_OA_LVT_SS_170906            0 
OAI22xp5_ASAP7_75t_SL             232    324.726   10907.549    asap7sc7p5t_22b_OA_SLVT_SS_170906           0 
OAI31xp33_ASAP7_75t_L               1      1.400       2.335    asap7sc7p5t_22b_OA_LVT_SS_170906            0 
OAI31xp33_ASAP7_75t_SL             22     30.793     794.563    asap7sc7p5t_22b_OA_SLVT_SS_170906           0 
OAI31xp67_ASAP7_75t_SL              1      3.033      99.045    asap7sc7p5t_22b_OA_SLVT_SS_170906           0 
OAI321xp33_ASAP7_75t_SL             1      1.866      55.568    asap7sc7p5t_22b_OA_SLVT_SS_170906           0 
OAI322xp33_ASAP7_75t_SL             2      4.199     147.960    asap7sc7p5t_22b_OA_SLVT_SS_170906           0 
OAI32xp33_ASAP7_75t_SL              3      4.899     148.817    asap7sc7p5t_22b_OA_SLVT_SS_170906           0 
OR2x2_ASAP7_75t_SL                 75    104.976    6533.478    asap7sc7p5t_22b_SIMPLE_SLVT_SS_170906       0 
OR2x2_ASAP7_75t_SRAM                8     11.197       2.991    asap7sc7p5t_22b_SIMPLE_SRAM_SS_170906       0 
OR2x6_ASAP7_75t_SL                  6     16.796    1434.304    asap7sc7p5t_22b_SIMPLE_SLVT_SS_170906       0 
OR3x1_ASAP7_75t_SL                  6      8.398     341.524    asap7sc7p5t_22b_SIMPLE_SLVT_SS_170906       0 
OR3x1_ASAP7_75t_SRAM                1      1.400       0.194    asap7sc7p5t_22b_SIMPLE_SRAM_SS_170906       0 
OR3x4_ASAP7_75t_SL                  1      2.100     132.639    asap7sc7p5t_22b_SIMPLE_SLVT_SS_170906       0 
OR4x1_ASAP7_75t_SL                  2      3.266     113.791    asap7sc7p5t_22b_SIMPLE_SLVT_SS_170906       0 
OR5x1_ASAP7_75t_SL                  3      5.599     237.648    asap7sc7p5t_22b_SIMPLE_SLVT_SS_170906       0 
SRAM1RW64x128                       2  33552.261       0.000    SRAM1RW64x128_PVT_0P63V_100C                0 
SRAM2RW16x32                        2   5544.960       0.000    SRAM2RW16x32_PVT_0P63V_100C                 0 
TIEHIx1_ASAP7_75t_SL                3      2.100       0.006    asap7sc7p5t_22b_SIMPLE_SLVT_SS_170906       0 
TIELOx1_ASAP7_75t_SL             1220    853.805       3.593    asap7sc7p5t_22b_SIMPLE_SLVT_SS_170906       0 
XNOR2xp5_ASAP7_75t_L                2      4.199      21.193    asap7sc7p5t_22b_SIMPLE_LVT_SS_170906        0 
XNOR2xp5_ASAP7_75t_SL              85    178.459    6974.848    asap7sc7p5t_22b_SIMPLE_SLVT_SS_170906       0 
XNOR2xp5_ASAP7_75t_SRAM            27     56.687      11.264    asap7sc7p5t_22b_SIMPLE_SRAM_SS_170906       0 
XOR2xp5_ASAP7_75t_SL              100    209.952    7575.836    asap7sc7p5t_22b_SIMPLE_SLVT_SS_170906       0 
XOR2xp5_ASAP7_75t_SRAM             21     44.090       7.575    asap7sc7p5t_22b_SIMPLE_SRAM_SS_170906       0 
--------------------------------------------------------------------------------------------------------------
total                            9616  56136.692  499518.295                                          


                                                                        Leakage  Leakage 
               Library                Instances Instances %    Area   Power (nW) Power % 
-----------------------------------------------------------------------------------------
SRAM1RW64x128_PVT_0P63V_100C                  2         0.0 33552.261      0.000     0.0 
SRAM2RW16x32_PVT_0P63V_100C                   2         0.0  5544.960      0.000     0.0 
asap7sc7p5t_22b_AO_LVT_SS_170906            249         2.6   560.339   4243.041     0.8 
asap7sc7p5t_22b_AO_SLVT_SS_170906          1957        20.4  3254.723  89879.913    18.0 
asap7sc7p5t_22b_AO_SRAM_SS_170906            23         0.2    33.359      7.742     0.0 
asap7sc7p5t_22b_INVBUF_LVT_SS_170906        163         1.7   127.604    877.389     0.2 
asap7sc7p5t_22b_INVBUF_SLVT_SS_170906      1043        10.8   877.133  43157.714     8.6 
asap7sc7p5t_22b_OA_LVT_SS_170906             44         0.5    55.987    275.338     0.1 
asap7sc7p5t_22b_OA_SLVT_SS_170906           632         6.6   905.593  36542.388     7.3 
asap7sc7p5t_22b_OA_SRAM_SS_170906            28         0.3    45.956     16.503     0.0 
asap7sc7p5t_22b_SEQ_LVT_SS_170906            37         0.4   175.427    828.591     0.2 
asap7sc7p5t_22b_SEQ_RVT_SS_170906            45         0.5   189.890    193.828     0.0 
asap7sc7p5t_22b_SEQ_SLVT_SS_170906         1422        14.8  6474.686 205210.713    41.1 
asap7sc7p5t_22b_SIMPLE_LVT_SS_170906        264         2.7   299.998   1536.823     0.3 
asap7sc7p5t_22b_SIMPLE_RVT_SS_170906        448         4.7   452.330    320.767     0.1 
asap7sc7p5t_22b_SIMPLE_SLVT_SS_170906      3200        33.3  3473.073 116405.519    23.3 
asap7sc7p5t_22b_SIMPLE_SRAM_SS_170906        57         0.6   113.374     22.024     0.0 

                                                          Leakage  Leakage 
            Type             Instances    Area   Area % Power (nW) Power % 
---------------------------------------------------------------------------
timing_model                         4 39097.221   69.6      0.000     0.0 
sequential                        1461  6659.444   11.9 206044.975    41.2 
inverter                          1001   760.026    1.4  29429.490     5.9 
buffer                             205   244.711    0.4  14605.613     2.9 
clock_gating_integrated_cell        43   180.559    0.3    188.157     0.0 
logic                             6902  9194.731   16.4 249250.059    49.9 
physical_cells                       0     0.000    0.0      0.000     0.0 
---------------------------------------------------------------------------
total                             9616 56136.692  100.0 499518.295   100.0 

