============================================================
  Generated by:           Genus(TM) Synthesis Solution 19.11-s087_1
  Generated on:           Dec 13 2020  07:46:17 pm
  Module:                 riscv_top
  Library domain:         PVT_0P63V_100C.setup_cond
    Domain index:         0
    Technology libraries: asap7sc7p5t_22b_SIMPLE_RVT_SS_170906 1.0
                          asap7sc7p5t_22b_SIMPLE_LVT_SS_170906 1.0
                          asap7sc7p5t_22b_SIMPLE_SLVT_SS_170906 1.0
                          asap7sc7p5t_22b_SIMPLE_SRAM_SS_170906 1.0
                          asap7sc7p5t_22b_AO_RVT_SS_170906 1.0
                          asap7sc7p5t_22b_AO_LVT_SS_170906 1.0
                          asap7sc7p5t_22b_AO_SLVT_SS_170906 1.0
                          asap7sc7p5t_22b_AO_SRAM_SS_170906 1.0
                          asap7sc7p5t_22b_OA_RVT_SS_170906 1.0
                          asap7sc7p5t_22b_OA_LVT_SS_170906 1.0
                          asap7sc7p5t_22b_OA_SLVT_SS_170906 1.0
                          asap7sc7p5t_22b_OA_SRAM_SS_170906 1.0
                          asap7sc7p5t_22b_SEQ_RVT_SS_170906 1.0
                          asap7sc7p5t_22b_SEQ_LVT_SS_170906 1.0
                          asap7sc7p5t_22b_SEQ_SLVT_SS_170906 1.0
                          asap7sc7p5t_22b_SEQ_SRAM_SS_170906 1.0
                          asap7sc7p5t_22b_INVBUF_RVT_SS_170906 1.0
                          asap7sc7p5t_22b_INVBUF_LVT_SS_170906 1.0
                          asap7sc7p5t_22b_INVBUF_SLVT_SS_170906 1.0
                          asap7sc7p5t_22b_INVBUF_SRAM_SS_170906 1.0
                          SRAM1RW1024x8_PVT_0P63V_100C 0
                          SRAM1RW128x46_PVT_0P63V_100C 0
                          SRAM1RW128x48_PVT_0P63V_100C 0
                          SRAM1RW128x8_PVT_0P63V_100C 0
                          SRAM1RW256x128_PVT_0P63V_100C 0
                          SRAM1RW256x32_PVT_0P63V_100C 0
                          SRAM1RW256x46_PVT_0P63V_100C 0
                          SRAM1RW256x48_PVT_0P63V_100C 0
                          SRAM1RW256x8_PVT_0P63V_100C 0
                          SRAM1RW32x50_PVT_0P63V_100C 0
                          SRAM1RW512x128_PVT_0P63V_100C 0
                          SRAM1RW512x32_PVT_0P63V_100C 0
                          SRAM1RW512x8_PVT_0P63V_100C 0
                          SRAM1RW64x128_PVT_0P63V_100C 0
                          SRAM1RW64x32_PVT_0P63V_100C 0
                          SRAM1RW64x34_PVT_0P63V_100C 0
                          SRAM1RW64x8_PVT_0P63V_100C 0
                          SRAM2RW128x16_PVT_0P63V_100C 0
                          SRAM2RW128x32_PVT_0P63V_100C 0
                          SRAM2RW128x4_PVT_0P63V_100C 0
                          SRAM2RW128x8_PVT_0P63V_100C 0
                          SRAM2RW16x16_PVT_0P63V_100C 0
                          SRAM2RW16x32_PVT_0P63V_100C 0
                          SRAM2RW16x4_PVT_0P63V_100C 0
                          SRAM2RW16x8_PVT_0P63V_100C 0
                          SRAM2RW32x16_PVT_0P63V_100C 0
                          SRAM2RW32x22_PVT_0P63V_100C 0
                          SRAM2RW32x32_PVT_0P63V_100C 0
                          SRAM2RW32x39_PVT_0P63V_100C 0
                          SRAM2RW32x4_PVT_0P63V_100C 0
                          SRAM2RW32x8_PVT_0P63V_100C 0
                          SRAM2RW64x16_PVT_0P63V_100C 0
                          SRAM2RW64x32_PVT_0P63V_100C 0
                          SRAM2RW64x4_PVT_0P63V_100C 0
                          SRAM2RW64x8_PVT_0P63V_100C 0
  Operating conditions:   PVT_0P63V_100C 
  Interconnect mode:      global
  Area mode:              physical library
============================================================

      Instance          Module      Cell Count  Cell Area  Net Area   Total Area 
---------------------------------------------------------------------------------
riscv_top                                 9432  57784.582  7502.432    65287.014 
  mem               Memory151             2524  44275.571  1797.472    46073.043 
    dcache          cache_1               1342  22464.377   980.187    23444.565 
    icache          cache                 1091  21702.951   766.335    22469.287 
    arbiter         riscv_arbiter           43     72.783     9.285       82.068 
  cpu               Riscv151              6898  13502.013  5274.429    18776.442 
    stage1          Stage1Module          3739   8655.854  2873.498    11529.352 
      regfile       RegFile               2773   7315.194  2402.619     9717.814 
      pcadder       Adder                  285    367.183   196.894      564.077 
      pcreg         FlipFlop                75    194.789    22.815      217.604 
      pcselmux      PCSelMux                50    105.676    32.304      137.980 
      immgen        ImmGen                  48     71.150    24.260       95.410 
      data1sel_s1   DataSelMux              35     70.917     9.029       79.946 
      data2sel_s1   DataSelMux_239          33     67.884     8.031       75.916 
      nopselmux     NOPSelMux               37     56.454     9.540       65.994 
      rs2DataSel_s1 Data2Sel                25     34.992    12.942       47.934 
      pcsel         PCSel                   27     33.826    13.441       47.266 
      nopsel        NOPSel                  21     34.759    10.461       45.220 
      rs1DataSel_s1 Data1Sel                21     33.126    10.218       43.344 
      immsel        ImmSel                  16     17.963     8.671       26.633 
      pcaddsignal   PCAddSignal              6      6.299     2.238        8.537 
      regwen        RegWEn                   3      3.266     0.998        4.263 
    stage2          Stage2Module          1889   2526.889  1557.084     4083.973 
      alu           ALU                   1120   1517.720   872.379     2390.098 
      branchcomp    BranchComp             212    288.334   127.094      415.428 
      storeselmux   StoreSelMux             58     90.979    32.406      123.386 
      bselmux       BSelMux                 41     86.780    12.021       98.802 
      rs2DataSel    DataSelMux_237          33     69.751     8.031       77.782 
      rs1DataSel    DataSelMux_238          33     69.051     8.031       77.082 
      aselmux       ASelMux                 33     68.818     8.031       76.849 
      alusel        ALUdec                  35     43.623    20.564       64.188 
      data2sel      Data2Sel_236            36     43.157    18.428       61.585 
      data1sel      Data1Sel_235            19     31.493     9.464       40.956 
      asel          ASel                     8     11.431     3.734       15.165 
      bsel          BSel                     8     10.964     3.491       14.455 
      storesel      StoreSel                 7     11.897     1.995       13.892 
    stage3          Stage3Module           522    740.431   212.880      953.311 
      csr           CSR                     68    186.157    24.989      211.146 
      ldselmux      LdSelMux                96    131.570    59.378      190.948 
      wbselmux      WBSelMux                62    115.240    38.046      153.287 
      pcfour        PCFour                  80    116.873    30.501      147.374 
      memrw         MemRW                   23     34.059    11.407       45.466 
      ldsel         LdSel                   14     21.462     5.717       27.178 
      csrsel        CSRSel                   7      9.798     2.993       12.790 
      wbsel         WBSel                    6      7.465     2.238        9.703 
    s1_to_s2_inst   FlipFlop_8_240          69    197.122    24.759      221.880 
    s2_to_s3_alu    FlipFlop_8              69    188.024    24.759      212.783 
    s2_to_s3_pc     FlipFlop_8_246          69    186.391    24.759      211.150 
    s1_to_s2_rs1    FlipFlop_8_243          69    186.391    24.759      211.150 
    s1_to_s2_pc     FlipFlop_8_241          69    186.391    24.759      211.150 
    s1_to_s2_rs2    FlipFlop_8_244          69    186.391    24.759      211.150 
    s1_to_s2_imm    FlipFlop_8_242          68    185.691    24.503      210.194 
    s2_to_s3_inst   FlipFlop_8_245          52    106.842    12.149      118.991 
