

Working Directory = /home/cc/eecs151/fa20/class/eecs151-acb/project_skeleton/build/syn-rundir
QoS Summary for riscv_top
================================================================================
Metric                          final          
================================================================================
Slack (ps):                         3
  R2R (ps):                         3
  I2R (ps):                  no_value
  R2O (ps):                  no_value
  I2O (ps):                  no_value
  CG  (ps):                       434
TNS (ps):                           0
  R2R (ps):                         0
  I2R (ps):                  no_value
  R2O (ps):                  no_value
  I2O (ps):                  no_value
  CG  (ps):                         0
Failing Paths:                      0
Cell Area:                     57,785
Total Cell Area:               57,785
Leaf Instances:                 9,432
Total Instances:                9,432
Utilization (%):                 0.00
Tot. Net Length (um):        no_value
Avg. Net Length (um):        no_value
Route Overflow H (%):        no_value
Route Overflow V (%):        no_value
MBCI(%) (bits/gate) :            0.00
Norm Cong Hotspot Area:
  Max Cong:                  no_value
  Tot Cong:                  no_value
================================================================================
CPU  Runtime (h:m:s):        00:05:11
Real Runtime (h:m:s):        00:03:45
CPU  Elapsed (h:m:s):        00:05:19
Real Elapsed (h:m:s):        00:03:47
Memory (MB):                  1087.20
================================================================================
================================================================================
Flow Settings:
================================================================================
Total Runtime (h:m:s): 00:03:49
Total Memory (MB):     1087.20
Executable Version:    19.11-s087_1
================================================================================
Total Cell Area =  Cell Area + Physical Cell Area
Total Instances =  Leaf Instances + Physical Instances


